\BOOKMARK [0][-]{chapter*.2}{Glossaire et sigles utiles}{}% 1
\BOOKMARK [0][-]{chapter*.3}{Introduction}{}% 2
\BOOKMARK [0][-]{chapter.1}{D\351finition du sujet}{}% 3
\BOOKMARK [1][-]{section.1.1}{Contexte du sujet}{chapter.1}% 4
\BOOKMARK [1][-]{section.1.2}{Probl\351matique}{chapter.1}% 5
\BOOKMARK [1][-]{section.1.3}{Analyse des besoins}{chapter.1}% 6
\BOOKMARK [0][-]{chapter.2}{Analyse fonctionnelle}{}% 7
\BOOKMARK [1][-]{section.2.1}{Pr\351sentation des fonctionnalit\351s principales}{chapter.2}% 8
\BOOKMARK [1][-]{section.2.2}{Arbre fonctionnel}{chapter.2}% 9
\BOOKMARK [1][-]{section.2.3}{Maquette / Description du fichier de r\351sultats attendu}{chapter.2}% 10
\BOOKMARK [0][-]{chapter.3}{Analyse structurelle}{}% 11
\BOOKMARK [1][-]{section.3.1}{Donn\351es en entr\351e}{chapter.3}% 12
\BOOKMARK [1][-]{section.3.2}{Structuration des donn\351es}{chapter.3}% 13
\BOOKMARK [0][-]{chapter.4}{Analyse technique}{}% 14
\BOOKMARK [1][-]{section.4.1}{Choix techniques}{chapter.4}% 15
\BOOKMARK [1][-]{section.4.2}{Contraintes pour l'utilisateur}{chapter.4}% 16
\BOOKMARK [1][-]{section.4.3}{D\351tail des fonctions impl\351ment\351es}{chapter.4}% 17
\BOOKMARK [1][-]{section.4.4}{Tests envisag\351s pour la validation du logiciel}{chapter.4}% 18
\BOOKMARK [-1][-]{chapter*.4}{Conclusion}{}% 19
\BOOKMARK [0][-]{Annexe.1.A}{Filtre de Kalman}{chapter*.4}% 20
